<?xml version="1.0" encoding="UTF-8"?>
<testsuite name="es.esi.techlab.bluebeetoothmodule.ExampleUnitTest" tests="1" skipped="0" failures="0" errors="0" timestamp="2020-07-14T17:50:32" hostname="DESKTOP-V59620I" time="0.001">
  <properties/>
  <testcase name="addition_isCorrect" classname="es.esi.techlab.bluebeetoothmodule.ExampleUnitTest" time="0.001"/>
  <system-out><![CDATA[]]></system-out>
  <system-err><![CDATA[]]></system-err>
</testsuite>
